Arguments: 
  /usr/local/Cellar/node/17.6.0_1/bin/node /usr/local/Cellar/yarn/1.22.17_2/libexec/bin/yarn.js add @golive/pci-card-form

PATH: 
  /usr/local/opt/node@14/bin:/usr/local/opt/postgresql@11/bin:/Users/golive/.asdf/shims:/usr/local/Cellar/asdf/0.9.0/libexec/bin:/usr/local/bin:/usr/bin:/bin:/usr/sbin:/sbin:/usr/local/MacGPG2/bin:/usr/local/opt/fzf/bin

Yarn version: 
  1.22.17

Node version: 
  17.6.0

Platform: 
  darwin x64

Trace: 
  Error: https://registry.yarnpkg.com/@golive%2fpci-card-form: Not found
      at Request.params.callback [as _callback] (/usr/local/Cellar/yarn/1.22.17_2/libexec/lib/cli.js:67029:18)
      at Request.self.callback (/usr/local/Cellar/yarn/1.22.17_2/libexec/lib/cli.js:140883:22)
      at Request.emit (node:events:527:28)
      at Request.<anonymous> (/usr/local/Cellar/yarn/1.22.17_2/libexec/lib/cli.js:141855:10)
      at Request.emit (node:events:527:28)
      at IncomingMessage.<anonymous> (/usr/local/Cellar/yarn/1.22.17_2/libexec/lib/cli.js:141777:12)
      at Object.onceWrapper (node:events:641:28)
      at IncomingMessage.emit (node:events:539:35)
      at endReadableNT (node:internal/streams/readable:1342:12)
      at processTicksAndRejections (node:internal/process/task_queues:83:21)

npm manifest: 
  {
    "name": "test-mufasa-js-sdk",
    "version": "1.0.0",
    "description": "",
    "main": "index.js",
    "scripts": {
      "test": "echo \"Error: no test specified\" && exit 1"
    },
    "author": "",
    "license": "ISC",
    "dependencies": {}
  }

yarn manifest: 
  No manifest

Lockfile: 
  # THIS IS AN AUTOGENERATED FILE. DO NOT EDIT THIS FILE DIRECTLY.
  # yarn lockfile v1
